JWasm v2.11, Oct 20 2013
.\L5COMP.ASM
00000000                        sseg   segment stack
00000000  000000000000000000        db     256     dup(?)
00000100                        sseg ends

00000000                        dseg   segment
00000000  6D696B6524                buf       db      "mike$"
00000005  4572726F72206F6363        error_msg  db     "Error occured$"
00000013                        dseg ends

00000000                        cseg  segment
                                      assume   cs:cseg,ds:dseg,ss:sseg

00000000                        start:
00000000  EB00                        jmp   main
00000002                        main:
00000002  1E                          push  ds
00000003  B80000                      mov   ax,0
00000006  50                          push  ax
00000007  B80000                      mov   ax,dseg
0000000A  8ED8                        mov   ds,ax

                                      ; Initialization
0000000C  B400                        mov   ah,0
0000000E  BA0000                      mov   dx,0 ; Port number
00000011  B0FF                        mov   al,11111111B
00000013  CD14                        int   14h

00000015  BE0000                      mov   si,0
00000018  B90400                      mov   cx,4 ; Size of the buffer

0000001B                        print_symbol:      
                                      ; Check status
0000001B  B403                        mov   ah,3
0000001D  CD14                        int   14h
0000001F  F6C420                      test  ah,100000B
00000022  74F7                        jz    print_symbol

00000024  B401                        mov   ah,1
00000026  8A840000                    mov   al,buf[si]
0000002A  CD14                        int   14h
0000002C  F6C41E                      test  ah,11110b
0000002F  7508                        jnz   err

00000031  46                          inc   si
00000032  E2E7                        loop  print_symbol
                                       
00000034                        exit:
00000034  B8004C                      mov   ax,4c00h
00000037  CD21                        int   21h

00000039                        err:      
00000039  BA0000                      mov   dx,offset error_msg
0000003C  B409                        mov   ah,9
0000003E  CD21                        int   21h
00000040  EBF2                        jmp   exit

00000042                        cseg  ends
                                      end start


Binary Map:

Segment                  Pos(file)     RVA  Size(fil) Size(mem)
---------------------------------------------------------------
<header>                        0        0        30         0
sseg                           30        0       100       100
dseg                          130      100        13        13
cseg                          150      120        42        42
---------------------------------------------------------------
                                                 192       162


Macros:

                N a m e                 Type

@CatStr  . . . . . . . . . . . .        Func
@Environ . . . . . . . . . . . .        Func
@InStr . . . . . . . . . . . . .        Func
@SizeStr . . . . . . . . . . . .        Func
@SubStr  . . . . . . . . . . . .        Func


Segments and Groups:

                N a m e                 Size     Length   Align   Combine Class

cseg . . . . . . . . . . . . . .        16 Bit   0042     Para    Private ''
dseg . . . . . . . . . . . . . .        16 Bit   0013     Para    Private ''
sseg . . . . . . . . . . . . . .        16 Bit   0100     Para    Stack   ''


Symbols:

                N a m e                 Type       Value     Attr

buf  . . . . . . . . . . . . . .        Byte[5]            0h dseg 
err  . . . . . . . . . . . . . .        L Near            39h cseg 
error_msg  . . . . . . . . . . .        Byte[14]           5h dseg 
exit . . . . . . . . . . . . . .        L Near            34h cseg 
main . . . . . . . . . . . . . .        L Near             2h cseg 
print_symbol . . . . . . . . . .        L Near            1Bh cseg 
start  . . . . . . . . . . . . .        L Near             0h cseg Public 

.\L5COMP.ASM: 58 lines, 2 passes, 0 ms, 0 warnings, 0 errors
